生成启动时间为 2014-5-8 14:54:18。
     1>项目“D:\android\cocos2d-x-2.2.3\projects\gamefight\proj.win32\Game.vcxproj”在节点 3 上(build 个目标)。
     1>InitializeBuildStatus:
         正在创建“Debug.win32\Game.unsuccessfulbuild”，因为已指定“AlwaysCreate”。
       ClCompile:
         所有输出均为最新。
       ManifestResourceCompile:
         所有输出均为最新。
       PreLinkEvent:
         if not exist "D:\android\cocos2d-x-2.2.3\projects\gamefight\proj.win32\Debug.win32\" mkdir "D:\android\cocos2d-x-2.2.3\projects\gamefight\proj.win32\Debug.win32\"
         xcopy /Y /Q "D:\android\cocos2d-x-2.2.3\projects\gamefight\proj.win32\..\..\..\external\libwebsockets\win32\lib\*.*" "D:\android\cocos2d-x-2.2.3\projects\gamefight\proj.win32\Debug.win32\"
         :VCEnd
         复制了 2 个文件
       Link:
         所有输出均为最新。
       Manifest:
         所有输出均为最新。
       FinalizeBuildStatus:
         正在删除文件“Debug.win32\Game.unsuccessfulbuild”。
         正在对“Debug.win32\Game.lastbuildstate”执行 Touch 任务。
     1>已完成生成项目“D:\android\cocos2d-x-2.2.3\projects\gamefight\proj.win32\Game.vcxproj”(build 个目标)的操作。

生成成功。

已用时间 00:00:00.48
